# JRE version: Java(TM) SE Runtime Environment (8.0_25-b18) (build 1.8.0_25-b18)
# Java VM: Java HotSpot(TM) 64-Bit Server VM (25.25-b02 mixed mode windows-amd64 compressed oops)
Heap:
 PSYoungGen      total 238592K, used 62219K [0x00000000eab00000, 0x0000000100000000, 0x0000000100000000)
  eden space 169984K, 0% used [0x00000000eab00000,0x00000000eab00000,0x00000000f5100000)
  from space 68608K, 90% used [0x00000000fbd00000,0x00000000ff9c2f48,0x0000000100000000)
  to   space 89600K, 0% used [0x00000000f5100000,0x00000000f5100000,0x00000000fa880000)
 ParOldGen       total 248320K, used 216504K [0x00000000c0000000, 0x00000000cf280000, 0x00000000eab00000)
  object space 248320K, 87% used [0x00000000c0000000,0x00000000cd36e008,0x00000000cf280000)
 Metaspace       used 6543K, capacity 7320K, committed 7680K, reserved 1056768K
  class space    used 615K, capacity 656K, committed 768K, reserved 1048576K
GC Heap History (10 events):
Event: 17.685 GC heap after
Heap after GC invocations=15 (full 3):
 PSYoungGen      total 267776K, used 22426K [0x00000000eab00000, 0x0000000100000000, 0x0000000100000000)
  eden space 216064K, 0% used [0x00000000eab00000,0x00000000eab00000,0x00000000f7e00000)
  from space 51712K, 43% used [0x00000000fcd80000,0x00000000fe3668f8,0x0000000100000000)
  to   space 66560K, 0% used [0x00000000f7e00000,0x00000000f7e00000,0x00000000fbf00000)
 ParOldGen       total 248320K, used 148599K [0x00000000c0000000, 0x00000000cf280000, 0x00000000eab00000)
  object space 248320K, 59% used [0x00000000c0000000,0x00000000c911dc38,0x00000000cf280000)
 Metaspace       used 6526K, capacity 7256K, committed 7424K, reserved 1056768K
  class space    used 615K, capacity 656K, committed 768K, reserved 1048576K
}
Event: 18.580 GC heap before
{Heap before GC invocations=16 (full 3):
 PSYoungGen      total 267776K, used 238490K [0x00000000eab00000, 0x0000000100000000, 0x0000000100000000)
  eden space 216064K, 100% used [0x00000000eab00000,0x00000000f7e00000,0x00000000f7e00000)
  from space 51712K, 43% used [0x00000000fcd80000,0x00000000fe3668f8,0x0000000100000000)
  to   space 66560K, 0% used [0x00000000f7e00000,0x00000000f7e00000,0x00000000fbf00000)
 ParOldGen       total 248320K, used 148599K [0x00000000c0000000, 0x00000000cf280000, 0x00000000eab00000)
  object space 248320K, 59% used [0x00000000c0000000,0x00000000c911dc38,0x00000000cf280000)
 Metaspace       used 6527K, capacity 7320K, committed 7680K, reserved 1056768K
  class space    used 615K, capacity 656K, committed 768K, reserved 1048576K
Event: 18.749 GC heap after
Heap after GC invocations=16 (full 3):
 PSYoungGen      total 282624K, used 12500K [0x00000000eab00000, 0x0000000100000000, 0x0000000100000000)
  eden space 216064K, 0% used [0x00000000eab00000,0x00000000eab00000,0x00000000f7e00000)
  from space 66560K, 18% used [0x00000000f7e00000,0x00000000f8a35008,0x00000000fbf00000)
  to   space 64000K, 0% used [0x00000000fc180000,0x00000000fc180000,0x0000000100000000)
 ParOldGen       total 248320K, used 171233K [0x00000000c0000000, 0x00000000cf280000, 0x00000000eab00000)
  object space 248320K, 68% used [0x00000000c0000000,0x00000000ca738678,0x00000000cf280000)
 Metaspace       used 6527K, capacity 7320K, committed 7680K, reserved 1056768K
  class space    used 615K, capacity 656K, committed 768K, reserved 1048576K
}
Event: 20.608 GC heap before
{Heap before GC invocations=17 (full 3):
 PSYoungGen      total 282624K, used 228564K [0x00000000eab00000, 0x0000000100000000, 0x0000000100000000)
  eden space 216064K, 100% used [0x00000000eab00000,0x00000000f7e00000,0x00000000f7e00000)
  from space 66560K, 18% used [0x00000000f7e00000,0x00000000f8a35008,0x00000000fbf00000)
  to   space 64000K, 0% used [0x00000000fc180000,0x00000000fc180000,0x0000000100000000)
 ParOldGen       total 248320K, used 171233K [0x00000000c0000000, 0x00000000cf280000, 0x00000000eab00000)
  object space 248320K, 68% used [0x00000000c0000000,0x00000000ca738678,0x00000000cf280000)
 Metaspace       used 6530K, capacity 7320K, committed 7680K, reserved 1056768K
  class space    used 615K, capacity 656K, committed 768K, reserved 1048576K
Event: 20.731 GC heap after
Heap after GC invocations=17 (full 3):
 PSYoungGen      total 275968K, used 45392K [0x00000000eab00000, 0x0000000100000000, 0x0000000100000000)
  eden space 211968K, 0% used [0x00000000eab00000,0x00000000eab00000,0x00000000f7a00000)
  from space 64000K, 70% used [0x00000000fc180000,0x00000000fedd43e0,0x0000000100000000)
  to   space 68608K, 0% used [0x00000000f7a00000,0x00000000f7a00000,0x00000000fbd00000)
 ParOldGen       total 248320K, used 171241K [0x00000000c0000000, 0x00000000cf280000, 0x00000000eab00000)
  object space 248320K, 68% used [0x00000000c0000000,0x00000000ca73a678,0x00000000cf280000)
 Metaspace       used 6530K, capacity 7320K, committed 7680K, reserved 1056768K
  class space    used 615K, capacity 656K, committed 768K, reserved 1048576K
}
Event: 22.815 GC heap before
{Heap before GC invocations=18 (full 3):
 PSYoungGen      total 275968K, used 257360K [0x00000000eab00000, 0x0000000100000000, 0x0000000100000000)
  eden space 211968K, 100% used [0x00000000eab00000,0x00000000f7a00000,0x00000000f7a00000)
  from space 64000K, 70% used [0x00000000fc180000,0x00000000fedd43e0,0x0000000100000000)
  to   space 68608K, 0% used [0x00000000f7a00000,0x00000000f7a00000,0x00000000fbd00000)
 ParOldGen       total 248320K, used 171241K [0x00000000c0000000, 0x00000000cf280000, 0x00000000eab00000)
  object space 248320K, 68% used [0x00000000c0000000,0x00000000ca73a678,0x00000000cf280000)
 Metaspace       used 6536K, capacity 7320K, committed 7680K, reserved 1056768K
  class space    used 615K, capacity 656K, committed 768K, reserved 1048576K
Event: 22.985 GC heap after
Heap after GC invocations=18 (full 3):
 PSYoungGen      total 280576K, used 68577K [0x00000000eab00000, 0x0000000100000000, 0x0000000100000000)
  eden space 211968K, 0% used [0x00000000eab00000,0x00000000eab00000,0x00000000f7a00000)
  from space 68608K, 99% used [0x00000000f7a00000,0x00000000fbcf8430,0x00000000fbd00000)
  to   space 68608K, 0% used [0x00000000fbd00000,0x00000000fbd00000,0x0000000100000000)
 ParOldGen       total 248320K, used 178186K [0x00000000c0000000, 0x00000000cf280000, 0x00000000eab00000)
  object space 248320K, 71% used [0x00000000c0000000,0x00000000cae02b70,0x00000000cf280000)
 Metaspace       used 6536K, capacity 7320K, committed 7680K, reserved 1056768K
  class space    used 615K, capacity 656K, committed 768K, reserved 1048576K
}
Event: 24.516 GC heap before
{Heap before GC invocations=19 (full 3):
 PSYoungGen      total 280576K, used 280545K [0x00000000eab00000, 0x0000000100000000, 0x0000000100000000)
  eden space 211968K, 100% used [0x00000000eab00000,0x00000000f7a00000,0x00000000f7a00000)
  from space 68608K, 99% used [0x00000000f7a00000,0x00000000fbcf8430,0x00000000fbd00000)
  to   space 68608K, 0% used [0x00000000fbd00000,0x00000000fbd00000,0x0000000100000000)
 ParOldGen       total 248320K, used 178186K [0x00000000c0000000, 0x00000000cf280000, 0x00000000eab00000)
  object space 248320K, 71% used [0x00000000c0000000,0x00000000cae02b70,0x00000000cf280000)
 Metaspace       used 6543K, capacity 7320K, committed 7680K, reserved 1056768K
  class space    used 615K, capacity 656K, committed 768K, reserved 1048576K
Event: 24.740 GC heap after
Heap after GC invocations=19 (full 3):
 PSYoungGen      total 238592K, used 62219K [0x00000000eab00000, 0x0000000100000000, 0x0000000100000000)
  eden space 169984K, 0% used [0x00000000eab00000,0x00000000eab00000,0x00000000f5100000)
  from space 68608K, 90% used [0x00000000fbd00000,0x00000000ff9c2f48,0x0000000100000000)
  to   space 89600K, 0% used [0x00000000f5100000,0x00000000f5100000,0x00000000fa880000)
 ParOldGen       total 248320K, used 216504K [0x00000000c0000000, 0x00000000cf280000, 0x00000000eab00000)
  object space 248320K, 87% used [0x00000000c0000000,0x00000000cd36e008,0x00000000cf280000)
 Metaspace       used 6543K, capacity 7320K, committed 7680K, reserved 1056768K
  class space    used 615K, capacity 656K, committed 768K, reserved 1048576K
}
Event: 24.740 GC heap before
{Heap before GC invocations=20 (full 4):
 PSYoungGen      total 238592K, used 62219K [0x00000000eab00000, 0x0000000100000000, 0x0000000100000000)
  eden space 169984K, 0% used [0x00000000eab00000,0x00000000eab00000,0x00000000f5100000)
  from space 68608K, 90% used [0x00000000fbd00000,0x00000000ff9c2f48,0x0000000100000000)
  to   space 89600K, 0% used [0x00000000f5100000,0x00000000f5100000,0x00000000fa880000)
 ParOldGen       total 248320K, used 216504K [0x00000000c0000000, 0x00000000cf280000, 0x00000000eab00000)
  object space 248320K, 87% used [0x00000000c0000000,0x00000000cd36e008,0x00000000cf280000)
 Metaspace       used 6543K, capacity 7320K, committed 7680K, reserved 1056768K
  class space    used 615K, capacity 656K, committed 768K, reserved 1048576K

