# JRE version: Java(TM) SE Runtime Environment (8.0_25-b18) (build 1.8.0_25-b18)
# Java VM: Java HotSpot(TM) 64-Bit Server VM (25.25-b02 mixed mode windows-amd64 compressed oops)
Heap:
 PSYoungGen      total 259072K, used 210819K [0x00000000eab00000, 0x00000000fd500000, 0x0000000100000000)
  eden space 226816K, 83% used [0x00000000eab00000,0x00000000f648fad0,0x00000000f8880000)
  from space 32256K, 64% used [0x00000000fab00000,0x00000000fbf513e8,0x00000000fca80000)
  to   space 35328K, 0% used [0x00000000f8880000,0x00000000f8880000,0x00000000fab00000)
 ParOldGen       total 139264K, used 77042K [0x00000000c0000000, 0x00000000c8800000, 0x00000000eab00000)
  object space 139264K, 55% used [0x00000000c0000000,0x00000000c4b3c940,0x00000000c8800000)
 Metaspace       used 6546K, capacity 7320K, committed 7680K, reserved 1056768K
  class space    used 614K, capacity 656K, committed 768K, reserved 1048576K
GC Heap History (10 events):
Event: 3.950 GC heap before
{Heap before GC invocations=10 (full 0):
 PSYoungGen      total 129536K, used 129535K [0x00000000eab00000, 0x00000000f8780000, 0x0000000100000000)
  eden space 119296K, 100% used [0x00000000eab00000,0x00000000f1f80000,0x00000000f1f80000)
  from space 10240K, 99% used [0x00000000f1f80000,0x00000000f297fe50,0x00000000f2980000)
  to   space 17408K, 0% used [0x00000000f7680000,0x00000000f7680000,0x00000000f8780000)
 ParOldGen       total 40960K, used 26397K [0x00000000c0000000, 0x00000000c2800000, 0x00000000eab00000)
  object space 40960K, 64% used [0x00000000c0000000,0x00000000c19c7498,0x00000000c2800000)
 Metaspace       used 6486K, capacity 7256K, committed 7424K, reserved 1056768K
  class space    used 614K, capacity 656K, committed 768K, reserved 1048576K
Event: 4.008 GC heap after
Heap after GC invocations=10 (full 0):
 PSYoungGen      total 202240K, used 17405K [0x00000000eab00000, 0x00000000f9380000, 0x0000000100000000)
  eden space 184832K, 0% used [0x00000000eab00000,0x00000000eab00000,0x00000000f5f80000)
  from space 17408K, 99% used [0x00000000f7680000,0x00000000f877f458,0x00000000f8780000)
  to   space 23552K, 0% used [0x00000000f5f80000,0x00000000f5f80000,0x00000000f7680000)
 ParOldGen       total 40960K, used 35945K [0x00000000c0000000, 0x00000000c2800000, 0x00000000eab00000)
  object space 40960K, 87% used [0x00000000c0000000,0x00000000c231a5e0,0x00000000c2800000)
 Metaspace       used 6486K, capacity 7256K, committed 7424K, reserved 1056768K
  class space    used 614K, capacity 656K, committed 768K, reserved 1048576K
}
Event: 4.008 GC heap before
{Heap before GC invocations=11 (full 1):
 PSYoungGen      total 202240K, used 17405K [0x00000000eab00000, 0x00000000f9380000, 0x0000000100000000)
  eden space 184832K, 0% used [0x00000000eab00000,0x00000000eab00000,0x00000000f5f80000)
  from space 17408K, 99% used [0x00000000f7680000,0x00000000f877f458,0x00000000f8780000)
  to   space 23552K, 0% used [0x00000000f5f80000,0x00000000f5f80000,0x00000000f7680000)
 ParOldGen       total 40960K, used 35945K [0x00000000c0000000, 0x00000000c2800000, 0x00000000eab00000)
  object space 40960K, 87% used [0x00000000c0000000,0x00000000c231a5e0,0x00000000c2800000)
 Metaspace       used 6486K, capacity 7256K, committed 7424K, reserved 1056768K
  class space    used 614K, capacity 656K, committed 768K, reserved 1048576K
Event: 4.460 GC heap after
Heap after GC invocations=11 (full 1):
 PSYoungGen      total 202240K, used 10089K [0x00000000eab00000, 0x00000000f9380000, 0x0000000100000000)
  eden space 184832K, 0% used [0x00000000eab00000,0x00000000eab00000,0x00000000f5f80000)
  from space 17408K, 57% used [0x00000000f7680000,0x00000000f805a640,0x00000000f8780000)
  to   space 23552K, 0% used [0x00000000f5f80000,0x00000000f5f80000,0x00000000f7680000)
 ParOldGen       total 77312K, used 40695K [0x00000000c0000000, 0x00000000c4b80000, 0x00000000eab00000)
  object space 77312K, 52% used [0x00000000c0000000,0x00000000c27bdea0,0x00000000c4b80000)
 Metaspace       used 6486K, capacity 7256K, committed 7424K, reserved 1056768K
  class space    used 614K, capacity 656K, committed 768K, reserved 1048576K
}
Event: 5.499 GC heap before
{Heap before GC invocations=12 (full 1):
 PSYoungGen      total 202240K, used 194921K [0x00000000eab00000, 0x00000000f9380000, 0x0000000100000000)
  eden space 184832K, 100% used [0x00000000eab00000,0x00000000f5f80000,0x00000000f5f80000)
  from space 17408K, 57% used [0x00000000f7680000,0x00000000f805a640,0x00000000f8780000)
  to   space 23552K, 0% used [0x00000000f5f80000,0x00000000f5f80000,0x00000000f7680000)
 ParOldGen       total 77312K, used 40695K [0x00000000c0000000, 0x00000000c4b80000, 0x00000000eab00000)
  object space 77312K, 52% used [0x00000000c0000000,0x00000000c27bdea0,0x00000000c4b80000)
 Metaspace       used 6529K, capacity 7256K, committed 7424K, reserved 1056768K
  class space    used 614K, capacity 656K, committed 768K, reserved 1048576K
Event: 5.596 GC heap after
Heap after GC invocations=12 (full 1):
 PSYoungGen      total 208384K, used 23526K [0x00000000eab00000, 0x00000000fca80000, 0x0000000100000000)
  eden space 184832K, 0% used [0x00000000eab00000,0x00000000eab00000,0x00000000f5f80000)
  from space 23552K, 99% used [0x00000000f5f80000,0x00000000f7679af8,0x00000000f7680000)
  to   space 32256K, 0% used [0x00000000fab00000,0x00000000fab00000,0x00000000fca80000)
 ParOldGen       total 77312K, used 52345K [0x00000000c0000000, 0x00000000c4b80000, 0x00000000eab00000)
  object space 77312K, 67% used [0x00000000c0000000,0x00000000c331e510,0x00000000c4b80000)
 Metaspace       used 6529K, capacity 7256K, committed 7424K, reserved 1056768K
  class space    used 614K, capacity 656K, committed 768K, reserved 1048576K
}
Event: 6.546 GC heap before
{Heap before GC invocations=13 (full 1):
 PSYoungGen      total 208384K, used 208358K [0x00000000eab00000, 0x00000000fca80000, 0x0000000100000000)
  eden space 184832K, 100% used [0x00000000eab00000,0x00000000f5f80000,0x00000000f5f80000)
  from space 23552K, 99% used [0x00000000f5f80000,0x00000000f7679af8,0x00000000f7680000)
  to   space 32256K, 0% used [0x00000000fab00000,0x00000000fab00000,0x00000000fca80000)
 ParOldGen       total 77312K, used 52345K [0x00000000c0000000, 0x00000000c4b80000, 0x00000000eab00000)
  object space 77312K, 67% used [0x00000000c0000000,0x00000000c331e510,0x00000000c4b80000)
 Metaspace       used 6540K, capacity 7256K, committed 7424K, reserved 1056768K
  class space    used 614K, capacity 656K, committed 768K, reserved 1048576K
Event: 6.677 GC heap after
Heap after GC invocations=13 (full 1):
 PSYoungGen      total 259072K, used 26133K [0x00000000eab00000, 0x00000000fd500000, 0x0000000100000000)
  eden space 226816K, 0% used [0x00000000eab00000,0x00000000eab00000,0x00000000f8880000)
  from space 32256K, 81% used [0x00000000fab00000,0x00000000fc485760,0x00000000fca80000)
  to   space 35328K, 0% used [0x00000000f8880000,0x00000000f8880000,0x00000000fab00000)
 ParOldGen       total 77312K, used 75361K [0x00000000c0000000, 0x00000000c4b80000, 0x00000000eab00000)
  object space 77312K, 97% used [0x00000000c0000000,0x00000000c49986f0,0x00000000c4b80000)
 Metaspace       used 6540K, capacity 7256K, committed 7424K, reserved 1056768K
  class space    used 614K, capacity 656K, committed 768K, reserved 1048576K
}
Event: 6.677 GC heap before
{Heap before GC invocations=14 (full 2):
 PSYoungGen      total 259072K, used 26133K [0x00000000eab00000, 0x00000000fd500000, 0x0000000100000000)
  eden space 226816K, 0% used [0x00000000eab00000,0x00000000eab00000,0x00000000f8880000)
  from space 32256K, 81% used [0x00000000fab00000,0x00000000fc485760,0x00000000fca80000)
  to   space 35328K, 0% used [0x00000000f8880000,0x00000000f8880000,0x00000000fab00000)
 ParOldGen       total 77312K, used 75361K [0x00000000c0000000, 0x00000000c4b80000, 0x00000000eab00000)
  object space 77312K, 97% used [0x00000000c0000000,0x00000000c49986f0,0x00000000c4b80000)
 Metaspace       used 6540K, capacity 7256K, committed 7424K, reserved 1056768K
  class space    used 614K, capacity 656K, committed 768K, reserved 1048576K
Event: 7.529 GC heap after
Heap after GC invocations=14 (full 2):
 PSYoungGen      total 259072K, used 20804K [0x00000000eab00000, 0x00000000fd500000, 0x0000000100000000)
  eden space 226816K, 0% used [0x00000000eab00000,0x00000000eab00000,0x00000000f8880000)
  from space 32256K, 64% used [0x00000000fab00000,0x00000000fbf513e8,0x00000000fca80000)
  to   space 35328K, 0% used [0x00000000f8880000,0x00000000f8880000,0x00000000fab00000)
 ParOldGen       total 139264K, used 77042K [0x00000000c0000000, 0x00000000c8800000, 0x00000000eab00000)
  object space 139264K, 55% used [0x00000000c0000000,0x00000000c4b3c940,0x00000000c8800000)
 Metaspace       used 6540K, capacity 7256K, committed 7424K, reserved 1056768K
  class space    used 614K, capacity 656K, committed 768K, reserved 1048576K
}

